#
# There is insufficient memory for the Java Runtime Environment to continue.
# Native memory allocation (malloc) failed to allocate 1048576 bytes for AllocateHeap
# Possible reasons:
#   The system is out of physical RAM or swap space
#   In 32 bit mode, the process size limit was hit
# Possible solutions:
#   Reduce memory load on the system
#   Increase physical memory or swap space
#   Check if swap backing store is full
#   Use 64 bit Java on a 64 bit OS
#   Decrease Java heap size (-Xmx/-Xms)
#   Decrease number of Java threads
#   Decrease Java thread stack sizes (-Xss)
#   Set larger code cache with -XX:ReservedCodeCacheSize=
# This output file may be truncated or incomplete.
#
#  Out of Memory Error (memory/allocation.inline.hpp:61), pid=3068, tid=0x0000000000002200
#
# JRE version:  (8.0_144-b01) (build )
# Java VM: Java HotSpot(TM) 64-Bit Server VM (25.144-b01 mixed mode windows-amd64 compressed oops)
# Failed to write core dump. Minidumps are not enabled by default on client versions of Windows
#

---------------  T H R E A D  ---------------

Current thread (0x0000000004a52800):  JavaThread "Unknown thread" [_thread_in_vm, id=8704, stack(0x00000000047b0000,0x00000000048b0000)]

Stack: [0x00000000047b0000,0x00000000048b0000]
[error occurred during error reporting (printing stack bounds), id 0xc0000005]

Native frames: (J=compiled Java code, j=interpreted, Vv=VM code, C=native code)


---------------  P R O C E S S  ---------------

Java Threads: ( => current thread )

Other Threads:

=>0x0000000004a52800 (exited) JavaThread "Unknown thread" [_thread_in_vm, id=8704, stack(0x00000000047b0000,0x00000000048b0000)]

VM state:not at safepoint (normal execution)

VM Mutex/Monitor currently owned by a thread: None

Heap:
 PSYoungGen      total 28160K, used 491K [0x00000000e0b00000, 0x00000000e2a00000, 0x0000000100000000)
  eden space 24576K, 2% used [0x00000000e0b00000,0x00000000e0b7ae20,0x00000000e2300000)
  from space 3584K, 0% used [0x00000000e2680000,0x00000000e2680000,0x00000000e2a00000)
  to   space 3584K, 0% used [0x00000000e2300000,0x00000000e2300000,0x00000000e2680000)
 ParOldGen       total 64512K, used 0K [0x00000000a2000000, 0x00000000a5f00000, 0x00000000e0b00000)
  object space 64512K, 0% used [0x00000000a2000000,0x00000000a2000000,0x00000000a5f00000)
 Metaspace       used 770K, capacity 4480K, committed 4480K, reserved 1056768K
  class space    used 75K, capacity 384K, committed 384K, reserved 1048576K

Card table byte_map: [0x0000000013f10000,0x0000000014210000] byte_map_base: 0x0000000013a00000

Marking Bits: (ParMarkBitMap*) 0x000000005b51d850
 Begin Bits: [0x0000000014810000, 0x0000000015f90000)
 End Bits:   [0x0000000015f90000, 0x0000000017710000)

Polling page: 0x0000000002d90000

CodeCache: size=245760Kb used=328Kb max_used=328Kb free=245431Kb
 bounds [0x0000000004b50000, 0x0000000004dc0000, 0x0000000013b50000]
 total_blobs=58 nmethods=0 adapters=38
 compilation: enabled

Compilation events (0 events):
No events

GC Heap History (0 events):
No events

Deoptimization events (0 events):
No events

Internal exceptions (0 events):
No events

Events (10 events):
Event: 0.032 loading class java/lang/Short
Event: 0.032 loading class java/lang/Short done
Event: 0.032 loading class java/lang/Integer
Event: 0.032 loading class java/lang/Integer done
Event: 0.032 loading class java/lang/Long
Event: 0.032 loading class java/lang/Long done
Event: 0.033 loading class java/lang/NullPointerException
Event: 0.033 loading class java/lang/NullPointerException done
Event: 0.033 loading class java/lang/ArithmeticException
Event: 0.033 loading class java/lang/ArithmeticException done


Dynamic libraries:
0x00007ff7244c0000 - 0x00007ff7244f7000 	C:\Program Files\Java\jdk1.8.0_144\bin\java.exe
0x00007ffc970e0000 - 0x00007ffc972c0000 	C:\WINDOWS\SYSTEM32\ntdll.dll
0x00007ffc96bc0000 - 0x00007ffc96c6e000 	C:\WINDOWS\System32\KERNEL32.DLL
0x00007ffc934e0000 - 0x00007ffc93746000 	C:\WINDOWS\System32\KERNELBASE.dll
0x00007ffc96320000 - 0x00007ffc963c1000 	C:\WINDOWS\System32\ADVAPI32.dll
0x00007ffc96b20000 - 0x00007ffc96bbd000 	C:\WINDOWS\System32\msvcrt.dll
0x00007ffc96160000 - 0x00007ffc961bb000 	C:\WINDOWS\System32\sechost.dll
0x00007ffc96510000 - 0x00007ffc9662f000 	C:\WINDOWS\System32\RPCRT4.dll
0x00007ffc96d70000 - 0x00007ffc96eff000 	C:\WINDOWS\System32\USER32.dll
0x00007ffc93750000 - 0x00007ffc93770000 	C:\WINDOWS\System32\win32u.dll
0x00007ffc963d0000 - 0x00007ffc963f8000 	C:\WINDOWS\System32\GDI32.dll
0x00007ffc93820000 - 0x00007ffc939b3000 	C:\WINDOWS\System32\gdi32full.dll
0x00007ffc93a20000 - 0x00007ffc93abb000 	C:\WINDOWS\System32\msvcp_win.dll
0x00007ffc94430000 - 0x00007ffc94526000 	C:\WINDOWS\System32\ucrtbase.dll
0x00007ffc81030000 - 0x00007ffc81299000 	C:\WINDOWS\WinSxS\amd64_microsoft.windows.common-controls_6595b64144ccf1df_6.0.16299.371_none_15c7d1789365a290\COMCTL32.dll
0x00007ffc94780000 - 0x00007ffc94a88000 	C:\WINDOWS\System32\combase.dll
0x00007ffc94530000 - 0x00007ffc945a2000 	C:\WINDOWS\System32\bcryptPrimitives.dll
0x00007ffc96240000 - 0x00007ffc9626d000 	C:\WINDOWS\System32\IMM32.DLL
0x000000005b5a0000 - 0x000000005b672000 	C:\Program Files\Java\jdk1.8.0_144\jre\bin\msvcr100.dll
0x000000005ad00000 - 0x000000005b59d000 	C:\Program Files\Java\jdk1.8.0_144\jre\bin\server\jvm.dll
0x00007ffc96b10000 - 0x00007ffc96b18000 	C:\WINDOWS\System32\PSAPI.DLL
0x00007ffc813e0000 - 0x00007ffc813e9000 	C:\WINDOWS\SYSTEM32\WSOCK32.dll
0x00007ffc90220000 - 0x00007ffc90243000 	C:\WINDOWS\SYSTEM32\WINMM.dll
0x00007ffc96aa0000 - 0x00007ffc96b0c000 	C:\WINDOWS\System32\WS2_32.dll
0x00007ffc8cfe0000 - 0x00007ffc8cfea000 	C:\WINDOWS\SYSTEM32\VERSION.dll
0x00007ffc901c0000 - 0x00007ffc901ea000 	C:\WINDOWS\SYSTEM32\WINMMBASE.dll
0x00007ffc93c90000 - 0x00007ffc93cda000 	C:\WINDOWS\System32\cfgmgr32.dll
0x000000005acf0000 - 0x000000005acff000 	C:\Program Files\Java\jdk1.8.0_144\jre\bin\verify.dll
0x000000005acc0000 - 0x000000005ace9000 	C:\Program Files\Java\jdk1.8.0_144\jre\bin\java.dll
0x000000005ac30000 - 0x000000005ac53000 	C:\Program Files\Java\jdk1.8.0_144\jre\bin\instrument.dll
0x000000005aca0000 - 0x000000005acb6000 	C:\Program Files\Java\jdk1.8.0_144\jre\bin\zip.dll

VM Arguments:
jvm_args: -javaagent:C:\Program Files\JetBrains\IntelliJ IDEA 2017.3.1\lib\idea_rt.jar=52101:C:\Program Files\JetBrains\IntelliJ IDEA 2017.3.1\bin -Dfile.encoding=UTF-8 
java_command: Client
java_class_path (initial): C:\Program Files\Java\jdk1.8.0_144\jre\lib\charsets.jar;C:\Program Files\Java\jdk1.8.0_144\jre\lib\deploy.jar;C:\Program Files\Java\jdk1.8.0_144\jre\lib\ext\access-bridge-64.jar;C:\Program Files\Java\jdk1.8.0_144\jre\lib\ext\cldrdata.jar;C:\Program Files\Java\jdk1.8.0_144\jre\lib\ext\dnsns.jar;C:\Program Files\Java\jdk1.8.0_144\jre\lib\ext\jaccess.jar;C:\Program Files\Java\jdk1.8.0_144\jre\lib\ext\jfxrt.jar;C:\Program Files\Java\jdk1.8.0_144\jre\lib\ext\localedata.jar;C:\Program Files\Java\jdk1.8.0_144\jre\lib\ext\nashorn.jar;C:\Program Files\Java\jdk1.8.0_144\jre\lib\ext\sunec.jar;C:\Program Files\Java\jdk1.8.0_144\jre\lib\ext\sunjce_provider.jar;C:\Program Files\Java\jdk1.8.0_144\jre\lib\ext\sunmscapi.jar;C:\Program Files\Java\jdk1.8.0_144\jre\lib\ext\sunpkcs11.jar;C:\Program Files\Java\jdk1.8.0_144\jre\lib\ext\zipfs.jar;C:\Program Files\Java\jdk1.8.0_144\jre\lib\javaws.jar;C:\Program Files\Java\jdk1.8.0_144\jre\lib\jce.jar;C:\Program Files\Java\jdk1.8.0_144\jre\lib\jfr.jar;C:\Program Files\Java\jdk1.8.0_144\jre\lib\jfxswt.jar;C:\Program Files\Java\jdk1.8.0_144\jre\lib\jsse.jar;C:\Program Files\Java\jdk1.8.0_144\jre\lib\management-agent.jar;C:\Program Files\Java\jdk1.8.0_144\jre\lib\plugin.jar;C:\Program Files\Java\jdk1.8.0_144\jre\lib\resources.jar;C:\Program Files\Java\jdk1.8.0_144\jre\lib\rt.jar;C:\Users\Acer\IdeaProjects\Client\out\production\Client;C:\Program Files\JetBrains\IntelliJ IDEA 2017.3.1\lib\idea_rt.jar
Launcher Type: SUN_STANDARD

Environment Variables:
PATH=C:\ProgramData\Oracle\Java\javapath;C:\Program Files (x86)\Intel\iCLS Client\;C:\Program Files\Intel\iCLS Client\;C:\Windows\system32;C:\Windows;C:\Windows\System32\Wbem;C:\Windows\System32\WindowsPowerShell\v1.0\;C:\Program Files (x86)\NVIDIA Corporation\PhysX\Common;C:\Program Files (x86)\Intel\Intel(R) Management Engine Components\DAL;C:\Program Files\Intel\Intel(R) Management Engine Components\DAL;C:\Program Files (x86)\Intel\Intel(R) Management Engine Components\IPT;C:\Program Files\Intel\Intel(R) Management Engine Components\IPT;C:\Program Files (x86)\Skype\Phone\;C:\Program Files\PuTTY\;C:\WINDOWS\system32;C:\WINDOWS;C:\WINDOWS\System32\Wbem;C:\WINDOWS\System32\WindowsPowerShell\v1.0\;C:\Program Files\Git\cmd;C:\Users\Acer\AppData\Local\Microsoft\WindowsApps;
USERNAME=Ivan
OS=Windows_NT
PROCESSOR_IDENTIFIER=Intel64 Family 6 Model 142 Stepping 9, GenuineIntel



---------------  S Y S T E M  ---------------

OS: Windows 10.0 , 64 bit Build 16299 (10.0.16299.15)

CPU:total 4 (initial active 4) (2 cores per cpu, 2 threads per core) family 6 model 142 stepping 9, cmov, cx8, fxsr, mmx, sse, sse2, sse3, ssse3, sse4.1, sse4.2, popcnt, avx, avx2, aes, clmul, erms, 3dnowpref, lzcnt, ht, tsc, tscinvbit, bmi1, bmi2, adx

Memory: 4k page, physical 6156420k(978464k free), swap 6156420k(5832k free)

vm_info: Java HotSpot(TM) 64-Bit Server VM (25.144-b01) for windows-amd64 JRE (1.8.0_144-b01), built on Jul 21 2017 21:57:33 by "java_re" with MS VC++ 10.0 (VS2010)

time: Sun Apr 22 19:57:46 2018
elapsed time: 0 seconds (0d 0h 0m 0s)

